
*** Running vivado
    with args -log riscvCPU.vds -m64 -product Vivado -mode batch -messageDb vivado.pb -notrace -source riscvCPU.tcl



****** Vivado v2022.2 (64-bit)
  **** SW Build 3671981 on Fri Oct 14 05:00:03 MDT 2022
  **** IP Build 3669848 on Fri Oct 14 08:30:02 MDT 2022
    ** Copyright 1986-2022 Xilinx, Inc. All Rights Reserved.

source riscvCPU.tcl -notrace
create_project: Time (s): cpu = 00:00:03 ; elapsed = 00:00:06 . Memory (MB): peak = 395.180 ; gain = 58.293
Command: read_checkpoint -auto_incremental -incremental C:/Users/omers/project_last/project_last.srcs/utils_1/imports/synth_1/RISCValu.dcp
INFO: [Vivado 12-5825] Read reference checkpoint from C:/Users/omers/project_last/project_last.srcs/utils_1/imports/synth_1/RISCValu.dcp for incremental synthesis
INFO: [Vivado 12-7989] Please ensure there are no constraint changes
Command: synth_design -top riscvCPU -part xc7k70tfbv676-1
Starting synth_design
Attempting to get a license for feature 'Synthesis' and/or device 'xc7k70t'
INFO: [Common 17-349] Got license for feature 'Synthesis' and/or device 'xc7k70t'
INFO: [Synth 8-7079] Multithreading enabled for synth_design using a maximum of 2 processes.
INFO: [Synth 8-7078] Launching helper process for spawning children vivado processes
INFO: [Synth 8-7075] Helper process launched with PID 16328
INFO: [Synth 8-11241] undeclared symbol 'REGCCE', assumed default net type 'wire' [C:/Xilinx/Vivado/2022.2/data/verilog/src/unimacro/BRAM_SINGLE_MACRO.v:2170]
---------------------------------------------------------------------------------
Starting Synthesize : Time (s): cpu = 00:00:03 ; elapsed = 00:00:07 . Memory (MB): peak = 834.055 ; gain = 407.191
---------------------------------------------------------------------------------
INFO: [Synth 8-638] synthesizing module 'riscvCPU' [C:/Users/omers/project_last/project_last.srcs/sources_1/new/riscvCPU.vhd:17]
INFO: [Synth 8-3491] module 'RISCValu' declared at 'C:/Users/omers/project_last/project_last.srcs/sources_1/new/eeen.vhd:7' bound to instance 'u1' of component 'RISCValu' [C:/Users/omers/project_last/project_last.srcs/sources_1/new/riscvCPU.vhd:49]
INFO: [Synth 8-638] synthesizing module 'RISCValu' [C:/Users/omers/project_last/project_last.srcs/sources_1/new/eeen.vhd:20]
INFO: [Synth 8-226] default block is never used [C:/Users/omers/project_last/project_last.srcs/sources_1/new/eeen.vhd:39]
INFO: [Synth 8-256] done synthesizing module 'RISCValu' (0#1) [C:/Users/omers/project_last/project_last.srcs/sources_1/new/eeen.vhd:20]
INFO: [Synth 8-3491] module 'ROM' declared at 'C:/Users/omers/project_last/project_last.srcs/sources_1/new/rom.vhd:6' bound to instance 'u2' of component 'ROM' [C:/Users/omers/project_last/project_last.srcs/sources_1/new/riscvCPU.vhd:61]
INFO: [Synth 8-638] synthesizing module 'ROM' [C:/Users/omers/project_last/project_last.srcs/sources_1/new/rom.vhd:15]
INFO: [Synth 8-256] done synthesizing module 'ROM' (0#1) [C:/Users/omers/project_last/project_last.srcs/sources_1/new/rom.vhd:15]
INFO: [Synth 8-256] done synthesizing module 'riscvCPU' (0#1) [C:/Users/omers/project_last/project_last.srcs/sources_1/new/riscvCPU.vhd:17]
WARNING: [Synth 8-7129] Port address[7] in module ROM is either unconnected or has no load
WARNING: [Synth 8-7129] Port address[6] in module ROM is either unconnected or has no load
WARNING: [Synth 8-7129] Port address[5] in module ROM is either unconnected or has no load
WARNING: [Synth 8-7129] Port address[4] in module ROM is either unconnected or has no load
WARNING: [Synth 8-7129] Port address[3] in module ROM is either unconnected or has no load
WARNING: [Synth 8-7129] Port address[2] in module ROM is either unconnected or has no load
WARNING: [Synth 8-7129] Port address[1] in module ROM is either unconnected or has no load
WARNING: [Synth 8-7129] Port address[0] in module ROM is either unconnected or has no load
---------------------------------------------------------------------------------
Finished Synthesize : Time (s): cpu = 00:00:05 ; elapsed = 00:00:09 . Memory (MB): peak = 924.418 ; gain = 497.555
---------------------------------------------------------------------------------
---------------------------------------------------------------------------------
Finished Constraint Validation : Time (s): cpu = 00:00:05 ; elapsed = 00:00:10 . Memory (MB): peak = 924.418 ; gain = 497.555
---------------------------------------------------------------------------------
---------------------------------------------------------------------------------
Start Loading Part and Timing Information
---------------------------------------------------------------------------------
Loading part: xc7k70tfbv676-1
---------------------------------------------------------------------------------
Finished Loading Part and Timing Information : Time (s): cpu = 00:00:05 ; elapsed = 00:00:10 . Memory (MB): peak = 924.418 ; gain = 497.555
---------------------------------------------------------------------------------
INFO: [Device 21-403] Loading part xc7k70tfbv676-1
---------------------------------------------------------------------------------
Start Preparing Guide Design
---------------------------------------------------------------------------------
CRITICAL WARNING: [Synth 8-6895] The reference checkpoint C:/Users/omers/project_last/project_last.srcs/utils_1/imports/synth_1/RISCValu.dcp is not suitable for use with incremental synthesis for this design. Please regenerate the checkpoint for this design with -incremental_synth switch in the same Vivado session that synth_design has been run. Synthesis will continue with the default flow
---------------------------------------------------------------------------------
Finished Doing Graph Differ : Time (s): cpu = 00:00:05 ; elapsed = 00:00:10 . Memory (MB): peak = 924.418 ; gain = 497.555
---------------------------------------------------------------------------------
---------------------------------------------------------------------------------
Finished Preparing Guide Design : Time (s): cpu = 00:00:05 ; elapsed = 00:00:10 . Memory (MB): peak = 924.418 ; gain = 497.555
---------------------------------------------------------------------------------
---------------------------------------------------------------------------------
Finished RTL Optimization Phase 2 : Time (s): cpu = 00:00:05 ; elapsed = 00:00:10 . Memory (MB): peak = 924.418 ; gain = 497.555
---------------------------------------------------------------------------------


Incremental Synthesis Report Summary:

1. Incremental synthesis run: no

   Reason for not running incremental synthesis : 


INFO: [Synth 8-7130] Flow is switching to default flow due to incremental criteria not met. If you would like to alter this behaviour and have the flow terminate instead, please set the following parameter config_implementation {autoIncr.Synth.RejectBehavior Terminate}
No constraint files found.
---------------------------------------------------------------------------------
Start RTL Component Statistics 
---------------------------------------------------------------------------------
Detailed RTL Component Info : 
+---Adders : 
	   3 Input    5 Bit       Adders := 1     
+---XORs : 
	   2 Input      5 Bit         XORs := 1     
+---Registers : 
	               32 Bit    Registers := 1     
	                5 Bit    Registers := 5     
	                1 Bit    Registers := 1     
+---Muxes : 
	   8 Input    5 Bit        Muxes := 1     
	   2 Input    1 Bit        Muxes := 6     
	   8 Input    1 Bit        Muxes := 2     
---------------------------------------------------------------------------------
Finished RTL Component Statistics 
---------------------------------------------------------------------------------
---------------------------------------------------------------------------------
Start Part Resource Summary
---------------------------------------------------------------------------------
Part Resources:
DSPs: 240 (col length:80)
BRAMs: 270 (col length: RAMB18 80 RAMB36 40)
---------------------------------------------------------------------------------
Finished Part Resource Summary
---------------------------------------------------------------------------------
No constraint files found.
---------------------------------------------------------------------------------
Start Cross Boundary and Area Optimization
---------------------------------------------------------------------------------
WARNING: [Synth 8-7080] Parallel synthesis criteria is not met
WARNING: [Synth 8-7129] Port adrs[7] in module riscvCPU is either unconnected or has no load
WARNING: [Synth 8-7129] Port adrs[6] in module riscvCPU is either unconnected or has no load
WARNING: [Synth 8-7129] Port adrs[5] in module riscvCPU is either unconnected or has no load
WARNING: [Synth 8-7129] Port adrs[4] in module riscvCPU is either unconnected or has no load
WARNING: [Synth 8-7129] Port adrs[3] in module riscvCPU is either unconnected or has no load
WARNING: [Synth 8-7129] Port adrs[2] in module riscvCPU is either unconnected or has no load
WARNING: [Synth 8-7129] Port adrs[1] in module riscvCPU is either unconnected or has no load
WARNING: [Synth 8-7129] Port adrs[0] in module riscvCPU is either unconnected or has no load
---------------------------------------------------------------------------------
Finished Cross Boundary and Area Optimization : Time (s): cpu = 00:00:10 ; elapsed = 00:00:18 . Memory (MB): peak = 1104.695 ; gain = 677.832
---------------------------------------------------------------------------------
No constraint files found.
---------------------------------------------------------------------------------
Start Timing Optimization
---------------------------------------------------------------------------------
---------------------------------------------------------------------------------
Finished Timing Optimization : Time (s): cpu = 00:00:10 ; elapsed = 00:00:18 . Memory (MB): peak = 1105.609 ; gain = 678.746
---------------------------------------------------------------------------------
---------------------------------------------------------------------------------
Start Technology Mapping
---------------------------------------------------------------------------------
---------------------------------------------------------------------------------
Finished Technology Mapping : Time (s): cpu = 00:00:10 ; elapsed = 00:00:18 . Memory (MB): peak = 1105.781 ; gain = 678.918
---------------------------------------------------------------------------------
---------------------------------------------------------------------------------
Start IO Insertion
---------------------------------------------------------------------------------
---------------------------------------------------------------------------------
Start Flattening Before IO Insertion
---------------------------------------------------------------------------------
---------------------------------------------------------------------------------
Finished Flattening Before IO Insertion
---------------------------------------------------------------------------------
---------------------------------------------------------------------------------
Start Final Netlist Cleanup
---------------------------------------------------------------------------------
---------------------------------------------------------------------------------
Finished Final Netlist Cleanup
---------------------------------------------------------------------------------
---------------------------------------------------------------------------------
Finished IO Insertion : Time (s): cpu = 00:00:13 ; elapsed = 00:00:24 . Memory (MB): peak = 1105.781 ; gain = 678.918
---------------------------------------------------------------------------------
---------------------------------------------------------------------------------
Start Renaming Generated Instances
---------------------------------------------------------------------------------
---------------------------------------------------------------------------------
Finished Renaming Generated Instances : Time (s): cpu = 00:00:13 ; elapsed = 00:00:24 . Memory (MB): peak = 1105.781 ; gain = 678.918
---------------------------------------------------------------------------------
---------------------------------------------------------------------------------
Start Rebuilding User Hierarchy
---------------------------------------------------------------------------------
---------------------------------------------------------------------------------
Finished Rebuilding User Hierarchy : Time (s): cpu = 00:00:13 ; elapsed = 00:00:24 . Memory (MB): peak = 1105.781 ; gain = 678.918
---------------------------------------------------------------------------------
---------------------------------------------------------------------------------
Start Renaming Generated Ports
---------------------------------------------------------------------------------
---------------------------------------------------------------------------------
Finished Renaming Generated Ports : Time (s): cpu = 00:00:13 ; elapsed = 00:00:24 . Memory (MB): peak = 1105.781 ; gain = 678.918
---------------------------------------------------------------------------------
---------------------------------------------------------------------------------
Start Handling Custom Attributes
---------------------------------------------------------------------------------
---------------------------------------------------------------------------------
Finished Handling Custom Attributes : Time (s): cpu = 00:00:13 ; elapsed = 00:00:24 . Memory (MB): peak = 1105.781 ; gain = 678.918
---------------------------------------------------------------------------------
---------------------------------------------------------------------------------
Start Renaming Generated Nets
---------------------------------------------------------------------------------
---------------------------------------------------------------------------------
Finished Renaming Generated Nets : Time (s): cpu = 00:00:13 ; elapsed = 00:00:24 . Memory (MB): peak = 1105.781 ; gain = 678.918
---------------------------------------------------------------------------------
---------------------------------------------------------------------------------
Start Writing Synthesis Report
---------------------------------------------------------------------------------

Report BlackBoxes: 
+-+--------------+----------+
| |BlackBox name |Instances |
+-+--------------+----------+
+-+--------------+----------+

Report Cell Usage: 
+------+-----+------+
|      |Cell |Count |
+------+-----+------+
|1     |BUFG |     1|
|2     |LUT1 |     1|
|3     |FDCE |     2|
|4     |IBUF |     2|
|5     |OBUF |     6|
+------+-----+------+

Report Instance Areas: 
+------+---------+---------+------+
|      |Instance |Module   |Cells |
+------+---------+---------+------+
|1     |top      |         |    12|
|2     |  u1     |RISCValu |     3|
+------+---------+---------+------+
---------------------------------------------------------------------------------
Finished Writing Synthesis Report : Time (s): cpu = 00:00:13 ; elapsed = 00:00:24 . Memory (MB): peak = 1105.781 ; gain = 678.918
---------------------------------------------------------------------------------
Synthesis finished with 0 errors, 1 critical warnings and 17 warnings.
Synthesis Optimization Runtime : Time (s): cpu = 00:00:13 ; elapsed = 00:00:24 . Memory (MB): peak = 1105.781 ; gain = 678.918
Synthesis Optimization Complete : Time (s): cpu = 00:00:13 ; elapsed = 00:00:24 . Memory (MB): peak = 1105.781 ; gain = 678.918
INFO: [Project 1-571] Translating synthesized netlist
Netlist sorting complete. Time (s): cpu = 00:00:00 ; elapsed = 00:00:00 . Memory (MB): peak = 1117.672 ; gain = 0.000
INFO: [Project 1-570] Preparing netlist for logic optimization
INFO: [Opt 31-138] Pushed 0 inverter(s) to 0 load pin(s).
Netlist sorting complete. Time (s): cpu = 00:00:00 ; elapsed = 00:00:00 . Memory (MB): peak = 1214.527 ; gain = 0.000
INFO: [Project 1-111] Unisim Transformation Summary:
No Unisim elements were transformed.

Synth Design complete, checksum: 17e1ad36
INFO: [Common 17-83] Releasing license: Synthesis
23 Infos, 17 Warnings, 1 Critical Warnings and 0 Errors encountered.
synth_design completed successfully
synth_design: Time (s): cpu = 00:00:16 ; elapsed = 00:00:27 . Memory (MB): peak = 1214.527 ; gain = 794.484
INFO: [runtcl-6] Synthesis results are not added to the cache due to CRITICAL_WARNING
INFO: [Common 17-1381] The checkpoint 'C:/Users/omers/project_last/project_last.runs/synth_1/riscvCPU.dcp' has been generated.
INFO: [runtcl-4] Executing : report_utilization -file riscvCPU_utilization_synth.rpt -pb riscvCPU_utilization_synth.pb
INFO: [Common 17-206] Exiting Vivado at Tue May 23 14:57:44 2023...
